mode: set
ProductCartService/internal/pkg/cart/service/cart_repository_minimock.go:51.67,54.55 2 1
ProductCartService/internal/pkg/cart/service/cart_repository_minimock.go:54.55,56.3 1 1
ProductCartService/internal/pkg/cart/service/cart_repository_minimock.go:58.2,72.10 10 1
ProductCartService/internal/pkg/cart/service/cart_repository_minimock.go:131.94,134.2 2 0
ProductCartService/internal/pkg/cart/service/cart_repository_minimock.go:137.129,138.45 1 1
ProductCartService/internal/pkg/cart/service/cart_repository_minimock.go:138.45,140.3 1 0
ProductCartService/internal/pkg/cart/service/cart_repository_minimock.go:142.2,142.44 1 1
ProductCartService/internal/pkg/cart/service/cart_repository_minimock.go:142.44,144.3 1 1
ProductCartService/internal/pkg/cart/service/cart_repository_minimock.go:146.2,146.54 1 1
ProductCartService/internal/pkg/cart/service/cart_repository_minimock.go:146.54,148.3 1 0
ProductCartService/internal/pkg/cart/service/cart_repository_minimock.go:150.2,152.46 3 1
ProductCartService/internal/pkg/cart/service/cart_repository_minimock.go:152.46,153.71 1 0
ProductCartService/internal/pkg/cart/service/cart_repository_minimock.go:153.71,155.4 1 0
ProductCartService/internal/pkg/cart/service/cart_repository_minimock.go:158.2,158.21 1 1
ProductCartService/internal/pkg/cart/service/cart_repository_minimock.go:162.116,163.45 1 0
ProductCartService/internal/pkg/cart/service/cart_repository_minimock.go:163.45,165.3 1 0
ProductCartService/internal/pkg/cart/service/cart_repository_minimock.go:167.2,167.44 1 0
ProductCartService/internal/pkg/cart/service/cart_repository_minimock.go:167.44,169.3 1 0
ProductCartService/internal/pkg/cart/service/cart_repository_minimock.go:171.2,171.51 1 0
ProductCartService/internal/pkg/cart/service/cart_repository_minimock.go:171.51,173.3 1 0
ProductCartService/internal/pkg/cart/service/cart_repository_minimock.go:175.2,175.54 1 0
ProductCartService/internal/pkg/cart/service/cart_repository_minimock.go:175.54,177.3 1 0
ProductCartService/internal/pkg/cart/service/cart_repository_minimock.go:178.2,181.21 3 0
ProductCartService/internal/pkg/cart/service/cart_repository_minimock.go:185.110,186.45 1 0
ProductCartService/internal/pkg/cart/service/cart_repository_minimock.go:186.45,188.3 1 0
ProductCartService/internal/pkg/cart/service/cart_repository_minimock.go:190.2,190.44 1 0
ProductCartService/internal/pkg/cart/service/cart_repository_minimock.go:190.44,192.3 1 0
ProductCartService/internal/pkg/cart/service/cart_repository_minimock.go:194.2,194.51 1 0
ProductCartService/internal/pkg/cart/service/cart_repository_minimock.go:194.51,196.3 1 0
ProductCartService/internal/pkg/cart/service/cart_repository_minimock.go:198.2,198.54 1 0
ProductCartService/internal/pkg/cart/service/cart_repository_minimock.go:198.54,200.3 1 0
ProductCartService/internal/pkg/cart/service/cart_repository_minimock.go:201.2,204.21 3 0
ProductCartService/internal/pkg/cart/service/cart_repository_minimock.go:208.115,209.45 1 0
ProductCartService/internal/pkg/cart/service/cart_repository_minimock.go:209.45,211.3 1 0
ProductCartService/internal/pkg/cart/service/cart_repository_minimock.go:213.2,213.44 1 0
ProductCartService/internal/pkg/cart/service/cart_repository_minimock.go:213.44,215.3 1 0
ProductCartService/internal/pkg/cart/service/cart_repository_minimock.go:217.2,217.51 1 0
ProductCartService/internal/pkg/cart/service/cart_repository_minimock.go:217.51,219.3 1 0
ProductCartService/internal/pkg/cart/service/cart_repository_minimock.go:221.2,221.54 1 0
ProductCartService/internal/pkg/cart/service/cart_repository_minimock.go:221.54,223.3 1 0
ProductCartService/internal/pkg/cart/service/cart_repository_minimock.go:224.2,227.21 3 0
ProductCartService/internal/pkg/cart/service/cart_repository_minimock.go:231.138,232.52 1 0
ProductCartService/internal/pkg/cart/service/cart_repository_minimock.go:232.52,234.3 1 0
ProductCartService/internal/pkg/cart/service/cart_repository_minimock.go:236.2,238.21 2 0
ProductCartService/internal/pkg/cart/service/cart_repository_minimock.go:242.90,243.45 1 1
ProductCartService/internal/pkg/cart/service/cart_repository_minimock.go:243.45,245.3 1 0
ProductCartService/internal/pkg/cart/service/cart_repository_minimock.go:247.2,247.44 1 1
ProductCartService/internal/pkg/cart/service/cart_repository_minimock.go:247.44,249.3 1 0
ProductCartService/internal/pkg/cart/service/cart_repository_minimock.go:250.2,252.26 3 1
ProductCartService/internal/pkg/cart/service/cart_repository_minimock.go:256.135,257.44 1 0
ProductCartService/internal/pkg/cart/service/cart_repository_minimock.go:257.44,259.3 1 0
ProductCartService/internal/pkg/cart/service/cart_repository_minimock.go:261.2,261.40 1 0
ProductCartService/internal/pkg/cart/service/cart_repository_minimock.go:261.40,263.3 1 0
ProductCartService/internal/pkg/cart/service/cart_repository_minimock.go:265.2,267.26 3 0
ProductCartService/internal/pkg/cart/service/cart_repository_minimock.go:272.137,273.45 1 0
ProductCartService/internal/pkg/cart/service/cart_repository_minimock.go:273.45,275.3 1 0
ProductCartService/internal/pkg/cart/service/cart_repository_minimock.go:277.2,283.20 3 0
ProductCartService/internal/pkg/cart/service/cart_repository_minimock.go:287.87,290.2 2 0
ProductCartService/internal/pkg/cart/service/cart_repository_minimock.go:293.99,294.12 1 0
ProductCartService/internal/pkg/cart/service/cart_repository_minimock.go:294.12,296.3 1 0
ProductCartService/internal/pkg/cart/service/cart_repository_minimock.go:297.2,299.21 3 0
ProductCartService/internal/pkg/cart/service/cart_repository_minimock.go:302.75,303.126 1 1
ProductCartService/internal/pkg/cart/service/cart_repository_minimock.go:303.126,305.3 1 1
ProductCartService/internal/pkg/cart/service/cart_repository_minimock.go:307.2,310.102 3 1
ProductCartService/internal/pkg/cart/service/cart_repository_minimock.go:314.103,320.47 4 1
ProductCartService/internal/pkg/cart/service/cart_repository_minimock.go:320.47,322.3 1 0
ProductCartService/internal/pkg/cart/service/cart_repository_minimock.go:324.2,331.61 5 1
ProductCartService/internal/pkg/cart/service/cart_repository_minimock.go:331.61,332.43 1 0
ProductCartService/internal/pkg/cart/service/cart_repository_minimock.go:332.43,335.4 2 0
ProductCartService/internal/pkg/cart/service/cart_repository_minimock.go:338.2,338.59 1 1
ProductCartService/internal/pkg/cart/service/cart_repository_minimock.go:338.59,345.26 5 1
ProductCartService/internal/pkg/cart/service/cart_repository_minimock.go:345.26,347.90 1 0
ProductCartService/internal/pkg/cart/service/cart_repository_minimock.go:347.90,350.5 1 0
ProductCartService/internal/pkg/cart/service/cart_repository_minimock.go:352.4,352.81 1 0
ProductCartService/internal/pkg/cart/service/cart_repository_minimock.go:352.81,355.5 1 0
ProductCartService/internal/pkg/cart/service/cart_repository_minimock.go:357.4,357.87 1 0
ProductCartService/internal/pkg/cart/service/cart_repository_minimock.go:357.87,360.5 1 0
ProductCartService/internal/pkg/cart/service/cart_repository_minimock.go:362.9,362.65 1 1
ProductCartService/internal/pkg/cart/service/cart_repository_minimock.go:362.65,365.4 1 0
ProductCartService/internal/pkg/cart/service/cart_repository_minimock.go:367.3,368.24 2 1
ProductCartService/internal/pkg/cart/service/cart_repository_minimock.go:368.24,370.4 1 0
ProductCartService/internal/pkg/cart/service/cart_repository_minimock.go:371.3,371.27 1 1
ProductCartService/internal/pkg/cart/service/cart_repository_minimock.go:373.2,373.40 1 0
ProductCartService/internal/pkg/cart/service/cart_repository_minimock.go:373.40,375.3 1 0
ProductCartService/internal/pkg/cart/service/cart_repository_minimock.go:376.2,377.8 2 0
ProductCartService/internal/pkg/cart/service/cart_repository_minimock.go:381.73,383.2 1 0
ProductCartService/internal/pkg/cart/service/cart_repository_minimock.go:386.74,388.2 1 0
ProductCartService/internal/pkg/cart/service/cart_repository_minimock.go:392.98,401.2 5 0
ProductCartService/internal/pkg/cart/service/cart_repository_minimock.go:405.60,406.31 1 1
ProductCartService/internal/pkg/cart/service/cart_repository_minimock.go:406.31,409.3 1 0
ProductCartService/internal/pkg/cart/service/cart_repository_minimock.go:411.2,411.50 1 1
ProductCartService/internal/pkg/cart/service/cart_repository_minimock.go:411.50,412.43 1 0
ProductCartService/internal/pkg/cart/service/cart_repository_minimock.go:412.43,414.4 1 0
ProductCartService/internal/pkg/cart/service/cart_repository_minimock.go:417.2,417.43 1 1
ProductCartService/internal/pkg/cart/service/cart_repository_minimock.go:421.58,422.50 1 0
ProductCartService/internal/pkg/cart/service/cart_repository_minimock.go:422.50,423.43 1 0
ProductCartService/internal/pkg/cart/service/cart_repository_minimock.go:423.43,425.4 1 0
ProductCartService/internal/pkg/cart/service/cart_repository_minimock.go:428.2,430.78 2 0
ProductCartService/internal/pkg/cart/service/cart_repository_minimock.go:430.78,431.56 1 0
ProductCartService/internal/pkg/cart/service/cart_repository_minimock.go:431.56,433.4 1 0
ProductCartService/internal/pkg/cart/service/cart_repository_minimock.go:433.9,435.4 1 0
ProductCartService/internal/pkg/cart/service/cart_repository_minimock.go:438.2,438.59 1 0
ProductCartService/internal/pkg/cart/service/cart_repository_minimock.go:438.59,440.3 1 0
ProductCartService/internal/pkg/cart/service/cart_repository_minimock.go:442.2,442.71 1 0
ProductCartService/internal/pkg/cart/service/cart_repository_minimock.go:442.71,445.3 1 0
ProductCartService/internal/pkg/cart/service/cart_repository_minimock.go:498.91,501.2 2 0
ProductCartService/internal/pkg/cart/service/cart_repository_minimock.go:504.101,505.43 1 1
ProductCartService/internal/pkg/cart/service/cart_repository_minimock.go:505.43,507.3 1 0
ProductCartService/internal/pkg/cart/service/cart_repository_minimock.go:509.2,509.43 1 1
ProductCartService/internal/pkg/cart/service/cart_repository_minimock.go:509.43,511.3 1 1
ProductCartService/internal/pkg/cart/service/cart_repository_minimock.go:513.2,513.53 1 1
ProductCartService/internal/pkg/cart/service/cart_repository_minimock.go:513.53,515.3 1 0
ProductCartService/internal/pkg/cart/service/cart_repository_minimock.go:517.2,519.45 3 1
ProductCartService/internal/pkg/cart/service/cart_repository_minimock.go:519.45,520.70 1 0
ProductCartService/internal/pkg/cart/service/cart_repository_minimock.go:520.70,522.4 1 0
ProductCartService/internal/pkg/cart/service/cart_repository_minimock.go:525.2,525.20 1 1
ProductCartService/internal/pkg/cart/service/cart_repository_minimock.go:529.113,530.43 1 0
ProductCartService/internal/pkg/cart/service/cart_repository_minimock.go:530.43,532.3 1 0
ProductCartService/internal/pkg/cart/service/cart_repository_minimock.go:534.2,534.43 1 0
ProductCartService/internal/pkg/cart/service/cart_repository_minimock.go:534.43,536.3 1 0
ProductCartService/internal/pkg/cart/service/cart_repository_minimock.go:538.2,538.50 1 0
ProductCartService/internal/pkg/cart/service/cart_repository_minimock.go:538.50,540.3 1 0
ProductCartService/internal/pkg/cart/service/cart_repository_minimock.go:542.2,542.53 1 0
ProductCartService/internal/pkg/cart/service/cart_repository_minimock.go:542.53,544.3 1 0
ProductCartService/internal/pkg/cart/service/cart_repository_minimock.go:545.2,548.20 3 0
ProductCartService/internal/pkg/cart/service/cart_repository_minimock.go:552.110,553.50 1 0
ProductCartService/internal/pkg/cart/service/cart_repository_minimock.go:553.50,555.3 1 0
ProductCartService/internal/pkg/cart/service/cart_repository_minimock.go:557.2,559.20 2 0
ProductCartService/internal/pkg/cart/service/cart_repository_minimock.go:563.88,564.43 1 1
ProductCartService/internal/pkg/cart/service/cart_repository_minimock.go:564.43,566.3 1 0
ProductCartService/internal/pkg/cart/service/cart_repository_minimock.go:568.2,568.43 1 1
ProductCartService/internal/pkg/cart/service/cart_repository_minimock.go:568.43,570.3 1 0
ProductCartService/internal/pkg/cart/service/cart_repository_minimock.go:571.2,573.25 3 1
ProductCartService/internal/pkg/cart/service/cart_repository_minimock.go:577.108,578.43 1 0
ProductCartService/internal/pkg/cart/service/cart_repository_minimock.go:578.43,580.3 1 0
ProductCartService/internal/pkg/cart/service/cart_repository_minimock.go:582.2,582.39 1 0
ProductCartService/internal/pkg/cart/service/cart_repository_minimock.go:582.39,584.3 1 0
ProductCartService/internal/pkg/cart/service/cart_repository_minimock.go:586.2,588.25 3 0
ProductCartService/internal/pkg/cart/service/cart_repository_minimock.go:593.109,594.43 1 0
ProductCartService/internal/pkg/cart/service/cart_repository_minimock.go:594.43,596.3 1 0
ProductCartService/internal/pkg/cart/service/cart_repository_minimock.go:598.2,604.20 3 0
ProductCartService/internal/pkg/cart/service/cart_repository_minimock.go:608.86,611.2 2 0
ProductCartService/internal/pkg/cart/service/cart_repository_minimock.go:614.96,615.12 1 0
ProductCartService/internal/pkg/cart/service/cart_repository_minimock.go:615.12,617.3 1 0
ProductCartService/internal/pkg/cart/service/cart_repository_minimock.go:618.2,620.20 3 0
ProductCartService/internal/pkg/cart/service/cart_repository_minimock.go:623.73,624.122 1 1
ProductCartService/internal/pkg/cart/service/cart_repository_minimock.go:624.122,626.3 1 1
ProductCartService/internal/pkg/cart/service/cart_repository_minimock.go:628.2,631.102 3 1
ProductCartService/internal/pkg/cart/service/cart_repository_minimock.go:635.76,641.45 4 1
ProductCartService/internal/pkg/cart/service/cart_repository_minimock.go:641.45,643.3 1 0
ProductCartService/internal/pkg/cart/service/cart_repository_minimock.go:645.2,652.59 5 1
ProductCartService/internal/pkg/cart/service/cart_repository_minimock.go:652.59,653.43 1 0
ProductCartService/internal/pkg/cart/service/cart_repository_minimock.go:653.43,656.4 2 0
ProductCartService/internal/pkg/cart/service/cart_repository_minimock.go:659.2,659.57 1 1
ProductCartService/internal/pkg/cart/service/cart_repository_minimock.go:659.57,666.26 5 1
ProductCartService/internal/pkg/cart/service/cart_repository_minimock.go:666.26,668.90 1 0
ProductCartService/internal/pkg/cart/service/cart_repository_minimock.go:668.90,671.5 1 0
ProductCartService/internal/pkg/cart/service/cart_repository_minimock.go:673.9,673.65 1 1
ProductCartService/internal/pkg/cart/service/cart_repository_minimock.go:673.65,676.4 1 0
ProductCartService/internal/pkg/cart/service/cart_repository_minimock.go:678.3,679.24 2 1
ProductCartService/internal/pkg/cart/service/cart_repository_minimock.go:679.24,681.4 1 0
ProductCartService/internal/pkg/cart/service/cart_repository_minimock.go:682.3,682.27 1 1
ProductCartService/internal/pkg/cart/service/cart_repository_minimock.go:684.2,684.38 1 0
ProductCartService/internal/pkg/cart/service/cart_repository_minimock.go:684.38,686.3 1 0
ProductCartService/internal/pkg/cart/service/cart_repository_minimock.go:687.2,688.8 2 0
ProductCartService/internal/pkg/cart/service/cart_repository_minimock.go:692.71,694.2 1 0
ProductCartService/internal/pkg/cart/service/cart_repository_minimock.go:697.72,699.2 1 0
ProductCartService/internal/pkg/cart/service/cart_repository_minimock.go:703.95,712.2 5 0
ProductCartService/internal/pkg/cart/service/cart_repository_minimock.go:716.59,717.30 1 1
ProductCartService/internal/pkg/cart/service/cart_repository_minimock.go:717.30,720.3 1 0
ProductCartService/internal/pkg/cart/service/cart_repository_minimock.go:722.2,722.49 1 1
ProductCartService/internal/pkg/cart/service/cart_repository_minimock.go:722.49,723.43 1 0
ProductCartService/internal/pkg/cart/service/cart_repository_minimock.go:723.43,725.4 1 0
ProductCartService/internal/pkg/cart/service/cart_repository_minimock.go:728.2,728.42 1 1
ProductCartService/internal/pkg/cart/service/cart_repository_minimock.go:732.57,733.49 1 0
ProductCartService/internal/pkg/cart/service/cart_repository_minimock.go:733.49,734.43 1 0
ProductCartService/internal/pkg/cart/service/cart_repository_minimock.go:734.43,736.4 1 0
ProductCartService/internal/pkg/cart/service/cart_repository_minimock.go:739.2,741.76 2 0
ProductCartService/internal/pkg/cart/service/cart_repository_minimock.go:741.76,742.55 1 0
ProductCartService/internal/pkg/cart/service/cart_repository_minimock.go:742.55,744.4 1 0
ProductCartService/internal/pkg/cart/service/cart_repository_minimock.go:744.9,746.4 1 0
ProductCartService/internal/pkg/cart/service/cart_repository_minimock.go:749.2,749.57 1 0
ProductCartService/internal/pkg/cart/service/cart_repository_minimock.go:749.57,751.3 1 0
ProductCartService/internal/pkg/cart/service/cart_repository_minimock.go:753.2,753.69 1 0
ProductCartService/internal/pkg/cart/service/cart_repository_minimock.go:753.69,756.3 1 0
ProductCartService/internal/pkg/cart/service/cart_repository_minimock.go:812.103,815.2 2 0
ProductCartService/internal/pkg/cart/service/cart_repository_minimock.go:818.124,819.51 1 1
ProductCartService/internal/pkg/cart/service/cart_repository_minimock.go:819.51,821.3 1 0
ProductCartService/internal/pkg/cart/service/cart_repository_minimock.go:823.2,823.47 1 1
ProductCartService/internal/pkg/cart/service/cart_repository_minimock.go:823.47,825.3 1 1
ProductCartService/internal/pkg/cart/service/cart_repository_minimock.go:827.2,827.57 1 1
ProductCartService/internal/pkg/cart/service/cart_repository_minimock.go:827.57,829.3 1 0
ProductCartService/internal/pkg/cart/service/cart_repository_minimock.go:831.2,833.49 3 1
ProductCartService/internal/pkg/cart/service/cart_repository_minimock.go:833.49,834.74 1 0
ProductCartService/internal/pkg/cart/service/cart_repository_minimock.go:834.74,836.4 1 0
ProductCartService/internal/pkg/cart/service/cart_repository_minimock.go:839.2,839.24 1 1
ProductCartService/internal/pkg/cart/service/cart_repository_minimock.go:843.125,844.51 1 0
ProductCartService/internal/pkg/cart/service/cart_repository_minimock.go:844.51,846.3 1 0
ProductCartService/internal/pkg/cart/service/cart_repository_minimock.go:848.2,848.47 1 0
ProductCartService/internal/pkg/cart/service/cart_repository_minimock.go:848.47,850.3 1 0
ProductCartService/internal/pkg/cart/service/cart_repository_minimock.go:852.2,852.54 1 0
ProductCartService/internal/pkg/cart/service/cart_repository_minimock.go:852.54,854.3 1 0
ProductCartService/internal/pkg/cart/service/cart_repository_minimock.go:856.2,856.57 1 0
ProductCartService/internal/pkg/cart/service/cart_repository_minimock.go:856.57,858.3 1 0
ProductCartService/internal/pkg/cart/service/cart_repository_minimock.go:859.2,862.24 3 0
ProductCartService/internal/pkg/cart/service/cart_repository_minimock.go:866.119,867.51 1 0
ProductCartService/internal/pkg/cart/service/cart_repository_minimock.go:867.51,869.3 1 0
ProductCartService/internal/pkg/cart/service/cart_repository_minimock.go:871.2,871.47 1 0
ProductCartService/internal/pkg/cart/service/cart_repository_minimock.go:871.47,873.3 1 0
ProductCartService/internal/pkg/cart/service/cart_repository_minimock.go:875.2,875.54 1 0
ProductCartService/internal/pkg/cart/service/cart_repository_minimock.go:875.54,877.3 1 0
ProductCartService/internal/pkg/cart/service/cart_repository_minimock.go:879.2,879.57 1 0
ProductCartService/internal/pkg/cart/service/cart_repository_minimock.go:879.57,881.3 1 0
ProductCartService/internal/pkg/cart/service/cart_repository_minimock.go:882.2,885.24 3 0
ProductCartService/internal/pkg/cart/service/cart_repository_minimock.go:889.133,890.58 1 0
ProductCartService/internal/pkg/cart/service/cart_repository_minimock.go:890.58,892.3 1 0
ProductCartService/internal/pkg/cart/service/cart_repository_minimock.go:894.2,896.24 2 0
ProductCartService/internal/pkg/cart/service/cart_repository_minimock.go:900.96,901.51 1 1
ProductCartService/internal/pkg/cart/service/cart_repository_minimock.go:901.51,903.3 1 0
ProductCartService/internal/pkg/cart/service/cart_repository_minimock.go:905.2,905.47 1 1
ProductCartService/internal/pkg/cart/service/cart_repository_minimock.go:905.47,907.3 1 0
ProductCartService/internal/pkg/cart/service/cart_repository_minimock.go:908.2,910.29 3 1
ProductCartService/internal/pkg/cart/service/cart_repository_minimock.go:914.127,915.47 1 0
ProductCartService/internal/pkg/cart/service/cart_repository_minimock.go:915.47,917.3 1 0
ProductCartService/internal/pkg/cart/service/cart_repository_minimock.go:919.2,919.43 1 0
ProductCartService/internal/pkg/cart/service/cart_repository_minimock.go:919.43,921.3 1 0
ProductCartService/internal/pkg/cart/service/cart_repository_minimock.go:923.2,925.29 3 0
ProductCartService/internal/pkg/cart/service/cart_repository_minimock.go:930.132,931.51 1 0
ProductCartService/internal/pkg/cart/service/cart_repository_minimock.go:931.51,933.3 1 0
ProductCartService/internal/pkg/cart/service/cart_repository_minimock.go:935.2,941.20 3 0
ProductCartService/internal/pkg/cart/service/cart_repository_minimock.go:945.90,948.2 2 0
ProductCartService/internal/pkg/cart/service/cart_repository_minimock.go:951.108,952.12 1 0
ProductCartService/internal/pkg/cart/service/cart_repository_minimock.go:952.12,954.3 1 0
ProductCartService/internal/pkg/cart/service/cart_repository_minimock.go:955.2,957.24 3 0
ProductCartService/internal/pkg/cart/service/cart_repository_minimock.go:960.81,961.138 1 1
ProductCartService/internal/pkg/cart/service/cart_repository_minimock.go:961.138,963.3 1 1
ProductCartService/internal/pkg/cart/service/cart_repository_minimock.go:965.2,968.102 3 1
ProductCartService/internal/pkg/cart/service/cart_repository_minimock.go:972.95,978.53 4 1
ProductCartService/internal/pkg/cart/service/cart_repository_minimock.go:978.53,980.3 1 0
ProductCartService/internal/pkg/cart/service/cart_repository_minimock.go:982.2,989.67 5 1
ProductCartService/internal/pkg/cart/service/cart_repository_minimock.go:989.67,990.43 1 0
ProductCartService/internal/pkg/cart/service/cart_repository_minimock.go:990.43,993.4 2 0
ProductCartService/internal/pkg/cart/service/cart_repository_minimock.go:996.2,996.65 1 1
ProductCartService/internal/pkg/cart/service/cart_repository_minimock.go:996.65,1003.26 5 1
ProductCartService/internal/pkg/cart/service/cart_repository_minimock.go:1003.26,1005.90 1 0
ProductCartService/internal/pkg/cart/service/cart_repository_minimock.go:1005.90,1008.5 1 0
ProductCartService/internal/pkg/cart/service/cart_repository_minimock.go:1010.4,1010.81 1 0
ProductCartService/internal/pkg/cart/service/cart_repository_minimock.go:1010.81,1013.5 1 0
ProductCartService/internal/pkg/cart/service/cart_repository_minimock.go:1015.9,1015.65 1 1
ProductCartService/internal/pkg/cart/service/cart_repository_minimock.go:1015.65,1018.4 1 0
ProductCartService/internal/pkg/cart/service/cart_repository_minimock.go:1020.3,1021.24 2 1
ProductCartService/internal/pkg/cart/service/cart_repository_minimock.go:1021.24,1023.4 1 0
ProductCartService/internal/pkg/cart/service/cart_repository_minimock.go:1024.3,1024.27 1 1
ProductCartService/internal/pkg/cart/service/cart_repository_minimock.go:1026.2,1026.46 1 0
ProductCartService/internal/pkg/cart/service/cart_repository_minimock.go:1026.46,1028.3 1 0
ProductCartService/internal/pkg/cart/service/cart_repository_minimock.go:1029.2,1030.8 2 0
ProductCartService/internal/pkg/cart/service/cart_repository_minimock.go:1034.79,1036.2 1 0
ProductCartService/internal/pkg/cart/service/cart_repository_minimock.go:1039.80,1041.2 1 0
ProductCartService/internal/pkg/cart/service/cart_repository_minimock.go:1045.107,1054.2 5 0
ProductCartService/internal/pkg/cart/service/cart_repository_minimock.go:1058.63,1059.34 1 1
ProductCartService/internal/pkg/cart/service/cart_repository_minimock.go:1059.34,1062.3 1 0
ProductCartService/internal/pkg/cart/service/cart_repository_minimock.go:1064.2,1064.53 1 1
ProductCartService/internal/pkg/cart/service/cart_repository_minimock.go:1064.53,1065.43 1 0
ProductCartService/internal/pkg/cart/service/cart_repository_minimock.go:1065.43,1067.4 1 0
ProductCartService/internal/pkg/cart/service/cart_repository_minimock.go:1070.2,1070.46 1 1
ProductCartService/internal/pkg/cart/service/cart_repository_minimock.go:1074.61,1075.53 1 0
ProductCartService/internal/pkg/cart/service/cart_repository_minimock.go:1075.53,1076.43 1 0
ProductCartService/internal/pkg/cart/service/cart_repository_minimock.go:1076.43,1078.4 1 0
ProductCartService/internal/pkg/cart/service/cart_repository_minimock.go:1081.2,1083.84 2 0
ProductCartService/internal/pkg/cart/service/cart_repository_minimock.go:1083.84,1084.59 1 0
ProductCartService/internal/pkg/cart/service/cart_repository_minimock.go:1084.59,1086.4 1 0
ProductCartService/internal/pkg/cart/service/cart_repository_minimock.go:1086.9,1088.4 1 0
ProductCartService/internal/pkg/cart/service/cart_repository_minimock.go:1091.2,1091.65 1 0
ProductCartService/internal/pkg/cart/service/cart_repository_minimock.go:1091.65,1093.3 1 0
ProductCartService/internal/pkg/cart/service/cart_repository_minimock.go:1095.2,1095.77 1 0
ProductCartService/internal/pkg/cart/service/cart_repository_minimock.go:1095.77,1098.3 1 0
ProductCartService/internal/pkg/cart/service/cart_repository_minimock.go:1152.85,1155.2 2 0
ProductCartService/internal/pkg/cart/service/cart_repository_minimock.go:1158.95,1159.39 1 1
ProductCartService/internal/pkg/cart/service/cart_repository_minimock.go:1159.39,1161.3 1 0
ProductCartService/internal/pkg/cart/service/cart_repository_minimock.go:1163.2,1163.41 1 1
ProductCartService/internal/pkg/cart/service/cart_repository_minimock.go:1163.41,1165.3 1 1
ProductCartService/internal/pkg/cart/service/cart_repository_minimock.go:1167.2,1167.51 1 1
ProductCartService/internal/pkg/cart/service/cart_repository_minimock.go:1167.51,1169.3 1 0
ProductCartService/internal/pkg/cart/service/cart_repository_minimock.go:1171.2,1173.43 3 1
ProductCartService/internal/pkg/cart/service/cart_repository_minimock.go:1173.43,1174.68 1 0
ProductCartService/internal/pkg/cart/service/cart_repository_minimock.go:1174.68,1176.4 1 0
ProductCartService/internal/pkg/cart/service/cart_repository_minimock.go:1179.2,1179.18 1 1
ProductCartService/internal/pkg/cart/service/cart_repository_minimock.go:1183.107,1184.39 1 0
ProductCartService/internal/pkg/cart/service/cart_repository_minimock.go:1184.39,1186.3 1 0
ProductCartService/internal/pkg/cart/service/cart_repository_minimock.go:1188.2,1188.41 1 0
ProductCartService/internal/pkg/cart/service/cart_repository_minimock.go:1188.41,1190.3 1 0
ProductCartService/internal/pkg/cart/service/cart_repository_minimock.go:1192.2,1192.48 1 0
ProductCartService/internal/pkg/cart/service/cart_repository_minimock.go:1192.48,1194.3 1 0
ProductCartService/internal/pkg/cart/service/cart_repository_minimock.go:1196.2,1196.51 1 0
ProductCartService/internal/pkg/cart/service/cart_repository_minimock.go:1196.51,1198.3 1 0
ProductCartService/internal/pkg/cart/service/cart_repository_minimock.go:1199.2,1202.18 3 0
ProductCartService/internal/pkg/cart/service/cart_repository_minimock.go:1206.104,1207.46 1 0
ProductCartService/internal/pkg/cart/service/cart_repository_minimock.go:1207.46,1209.3 1 0
ProductCartService/internal/pkg/cart/service/cart_repository_minimock.go:1211.2,1213.18 2 0
ProductCartService/internal/pkg/cart/service/cart_repository_minimock.go:1217.101,1218.39 1 1
ProductCartService/internal/pkg/cart/service/cart_repository_minimock.go:1218.39,1220.3 1 0
ProductCartService/internal/pkg/cart/service/cart_repository_minimock.go:1222.2,1222.41 1 1
ProductCartService/internal/pkg/cart/service/cart_repository_minimock.go:1222.41,1224.3 1 0
ProductCartService/internal/pkg/cart/service/cart_repository_minimock.go:1225.2,1227.23 3 1
ProductCartService/internal/pkg/cart/service/cart_repository_minimock.go:1231.121,1232.41 1 0
ProductCartService/internal/pkg/cart/service/cart_repository_minimock.go:1232.41,1234.3 1 0
ProductCartService/internal/pkg/cart/service/cart_repository_minimock.go:1236.2,1236.37 1 0
ProductCartService/internal/pkg/cart/service/cart_repository_minimock.go:1236.37,1238.3 1 0
ProductCartService/internal/pkg/cart/service/cart_repository_minimock.go:1240.2,1242.23 3 0
ProductCartService/internal/pkg/cart/service/cart_repository_minimock.go:1247.103,1248.39 1 0
ProductCartService/internal/pkg/cart/service/cart_repository_minimock.go:1248.39,1250.3 1 0
ProductCartService/internal/pkg/cart/service/cart_repository_minimock.go:1252.2,1258.20 3 0
ProductCartService/internal/pkg/cart/service/cart_repository_minimock.go:1262.101,1265.2 2 0
ProductCartService/internal/pkg/cart/service/cart_repository_minimock.go:1268.90,1269.12 1 0
ProductCartService/internal/pkg/cart/service/cart_repository_minimock.go:1269.12,1271.3 1 0
ProductCartService/internal/pkg/cart/service/cart_repository_minimock.go:1272.2,1274.18 3 0
ProductCartService/internal/pkg/cart/service/cart_repository_minimock.go:1277.69,1278.114 1 1
ProductCartService/internal/pkg/cart/service/cart_repository_minimock.go:1278.114,1280.3 1 1
ProductCartService/internal/pkg/cart/service/cart_repository_minimock.go:1282.2,1285.102 3 1
ProductCartService/internal/pkg/cart/service/cart_repository_minimock.go:1289.89,1295.41 4 1
ProductCartService/internal/pkg/cart/service/cart_repository_minimock.go:1295.41,1297.3 1 0
ProductCartService/internal/pkg/cart/service/cart_repository_minimock.go:1299.2,1306.55 5 1
ProductCartService/internal/pkg/cart/service/cart_repository_minimock.go:1306.55,1307.43 1 0
ProductCartService/internal/pkg/cart/service/cart_repository_minimock.go:1307.43,1310.4 2 0
ProductCartService/internal/pkg/cart/service/cart_repository_minimock.go:1313.2,1313.53 1 1
ProductCartService/internal/pkg/cart/service/cart_repository_minimock.go:1313.53,1320.26 5 1
ProductCartService/internal/pkg/cart/service/cart_repository_minimock.go:1320.26,1322.90 1 0
ProductCartService/internal/pkg/cart/service/cart_repository_minimock.go:1322.90,1325.5 1 0
ProductCartService/internal/pkg/cart/service/cart_repository_minimock.go:1327.9,1327.65 1 1
ProductCartService/internal/pkg/cart/service/cart_repository_minimock.go:1327.65,1330.4 1 0
ProductCartService/internal/pkg/cart/service/cart_repository_minimock.go:1332.3,1333.24 2 1
ProductCartService/internal/pkg/cart/service/cart_repository_minimock.go:1333.24,1335.4 1 0
ProductCartService/internal/pkg/cart/service/cart_repository_minimock.go:1336.3,1336.46 1 1
ProductCartService/internal/pkg/cart/service/cart_repository_minimock.go:1338.2,1338.34 1 0
ProductCartService/internal/pkg/cart/service/cart_repository_minimock.go:1338.34,1340.3 1 0
ProductCartService/internal/pkg/cart/service/cart_repository_minimock.go:1341.2,1342.8 2 0
ProductCartService/internal/pkg/cart/service/cart_repository_minimock.go:1346.67,1348.2 1 0
ProductCartService/internal/pkg/cart/service/cart_repository_minimock.go:1351.68,1353.2 1 0
ProductCartService/internal/pkg/cart/service/cart_repository_minimock.go:1357.89,1366.2 5 0
ProductCartService/internal/pkg/cart/service/cart_repository_minimock.go:1370.57,1371.28 1 1
ProductCartService/internal/pkg/cart/service/cart_repository_minimock.go:1371.28,1374.3 1 0
ProductCartService/internal/pkg/cart/service/cart_repository_minimock.go:1376.2,1376.47 1 1
ProductCartService/internal/pkg/cart/service/cart_repository_minimock.go:1376.47,1377.43 1 0
ProductCartService/internal/pkg/cart/service/cart_repository_minimock.go:1377.43,1379.4 1 0
ProductCartService/internal/pkg/cart/service/cart_repository_minimock.go:1382.2,1382.40 1 1
ProductCartService/internal/pkg/cart/service/cart_repository_minimock.go:1386.55,1387.47 1 0
ProductCartService/internal/pkg/cart/service/cart_repository_minimock.go:1387.47,1388.43 1 0
ProductCartService/internal/pkg/cart/service/cart_repository_minimock.go:1388.43,1390.4 1 0
ProductCartService/internal/pkg/cart/service/cart_repository_minimock.go:1393.2,1395.72 2 0
ProductCartService/internal/pkg/cart/service/cart_repository_minimock.go:1395.72,1396.53 1 0
ProductCartService/internal/pkg/cart/service/cart_repository_minimock.go:1396.53,1398.4 1 0
ProductCartService/internal/pkg/cart/service/cart_repository_minimock.go:1398.9,1400.4 1 0
ProductCartService/internal/pkg/cart/service/cart_repository_minimock.go:1403.2,1403.53 1 0
ProductCartService/internal/pkg/cart/service/cart_repository_minimock.go:1403.53,1405.3 1 0
ProductCartService/internal/pkg/cart/service/cart_repository_minimock.go:1407.2,1407.65 1 0
ProductCartService/internal/pkg/cart/service/cart_repository_minimock.go:1407.65,1410.3 1 0
ProductCartService/internal/pkg/cart/service/cart_repository_minimock.go:1414.47,1415.25 1 1
ProductCartService/internal/pkg/cart/service/cart_repository_minimock.go:1415.25,1416.24 1 1
ProductCartService/internal/pkg/cart/service/cart_repository_minimock.go:1416.24,1424.4 4 0
ProductCartService/internal/pkg/cart/service/cart_repository_minimock.go:1429.69,1431.6 2 0
ProductCartService/internal/pkg/cart/service/cart_repository_minimock.go:1431.6,1432.23 1 0
ProductCartService/internal/pkg/cart/service/cart_repository_minimock.go:1432.23,1434.4 1 0
ProductCartService/internal/pkg/cart/service/cart_repository_minimock.go:1435.3,1435.10 1 0
ProductCartService/internal/pkg/cart/service/cart_repository_minimock.go:1436.20,1438.10 2 0
ProductCartService/internal/pkg/cart/service/cart_repository_minimock.go:1439.50,1439.50 0 0
ProductCartService/internal/pkg/cart/service/cart_repository_minimock.go:1444.50,1451.2 2 1
ProductCartService/internal/pkg/cart/service/product_client_minimock.go:30.65,33.55 2 1
ProductCartService/internal/pkg/cart/service/product_client_minimock.go:33.55,35.3 1 1
ProductCartService/internal/pkg/cart/service/product_client_minimock.go:37.2,42.10 4 1
ProductCartService/internal/pkg/cart/service/product_client_minimock.go:96.104,99.2 2 0
ProductCartService/internal/pkg/cart/service/product_client_minimock.go:102.111,103.53 1 1
ProductCartService/internal/pkg/cart/service/product_client_minimock.go:103.53,105.3 1 0
ProductCartService/internal/pkg/cart/service/product_client_minimock.go:107.2,107.48 1 1
ProductCartService/internal/pkg/cart/service/product_client_minimock.go:107.48,109.3 1 1
ProductCartService/internal/pkg/cart/service/product_client_minimock.go:111.2,111.58 1 1
ProductCartService/internal/pkg/cart/service/product_client_minimock.go:111.58,113.3 1 0
ProductCartService/internal/pkg/cart/service/product_client_minimock.go:115.2,117.50 3 1
ProductCartService/internal/pkg/cart/service/product_client_minimock.go:117.50,118.75 1 0
ProductCartService/internal/pkg/cart/service/product_client_minimock.go:118.75,120.4 1 0
ProductCartService/internal/pkg/cart/service/product_client_minimock.go:123.2,123.25 1 1
ProductCartService/internal/pkg/cart/service/product_client_minimock.go:127.120,128.53 1 0
ProductCartService/internal/pkg/cart/service/product_client_minimock.go:128.53,130.3 1 0
ProductCartService/internal/pkg/cart/service/product_client_minimock.go:132.2,132.48 1 0
ProductCartService/internal/pkg/cart/service/product_client_minimock.go:132.48,134.3 1 0
ProductCartService/internal/pkg/cart/service/product_client_minimock.go:136.2,136.55 1 0
ProductCartService/internal/pkg/cart/service/product_client_minimock.go:136.55,138.3 1 0
ProductCartService/internal/pkg/cart/service/product_client_minimock.go:140.2,140.58 1 0
ProductCartService/internal/pkg/cart/service/product_client_minimock.go:140.58,142.3 1 0
ProductCartService/internal/pkg/cart/service/product_client_minimock.go:143.2,146.25 3 0
ProductCartService/internal/pkg/cart/service/product_client_minimock.go:150.120,151.60 1 0
ProductCartService/internal/pkg/cart/service/product_client_minimock.go:151.60,153.3 1 0
ProductCartService/internal/pkg/cart/service/product_client_minimock.go:155.2,157.25 2 0
ProductCartService/internal/pkg/cart/service/product_client_minimock.go:161.121,162.53 1 1
ProductCartService/internal/pkg/cart/service/product_client_minimock.go:162.53,164.3 1 0
ProductCartService/internal/pkg/cart/service/product_client_minimock.go:166.2,166.48 1 1
ProductCartService/internal/pkg/cart/service/product_client_minimock.go:166.48,168.3 1 0
ProductCartService/internal/pkg/cart/service/product_client_minimock.go:169.2,171.30 3 1
ProductCartService/internal/pkg/cart/service/product_client_minimock.go:175.138,176.48 1 0
ProductCartService/internal/pkg/cart/service/product_client_minimock.go:176.48,178.3 1 0
ProductCartService/internal/pkg/cart/service/product_client_minimock.go:180.2,180.44 1 0
ProductCartService/internal/pkg/cart/service/product_client_minimock.go:180.44,182.3 1 0
ProductCartService/internal/pkg/cart/service/product_client_minimock.go:184.2,186.30 3 0
ProductCartService/internal/pkg/cart/service/product_client_minimock.go:191.119,192.53 1 0
ProductCartService/internal/pkg/cart/service/product_client_minimock.go:192.53,194.3 1 0
ProductCartService/internal/pkg/cart/service/product_client_minimock.go:196.2,202.20 3 0
ProductCartService/internal/pkg/cart/service/product_client_minimock.go:206.114,209.2 2 0
ProductCartService/internal/pkg/cart/service/product_client_minimock.go:212.109,213.12 1 0
ProductCartService/internal/pkg/cart/service/product_client_minimock.go:213.12,215.3 1 0
ProductCartService/internal/pkg/cart/service/product_client_minimock.go:216.2,218.25 3 0
ProductCartService/internal/pkg/cart/service/product_client_minimock.go:221.82,222.142 1 1
ProductCartService/internal/pkg/cart/service/product_client_minimock.go:222.142,224.3 1 0
ProductCartService/internal/pkg/cart/service/product_client_minimock.go:226.2,229.102 3 1
ProductCartService/internal/pkg/cart/service/product_client_minimock.go:233.107,239.55 4 1
ProductCartService/internal/pkg/cart/service/product_client_minimock.go:239.55,241.3 1 0
ProductCartService/internal/pkg/cart/service/product_client_minimock.go:243.2,250.69 5 1
ProductCartService/internal/pkg/cart/service/product_client_minimock.go:250.69,251.43 1 0
ProductCartService/internal/pkg/cart/service/product_client_minimock.go:251.43,254.4 2 0
ProductCartService/internal/pkg/cart/service/product_client_minimock.go:257.2,257.67 1 1
ProductCartService/internal/pkg/cart/service/product_client_minimock.go:257.67,264.26 5 1
ProductCartService/internal/pkg/cart/service/product_client_minimock.go:264.26,266.81 1 0
ProductCartService/internal/pkg/cart/service/product_client_minimock.go:266.81,269.5 1 0
ProductCartService/internal/pkg/cart/service/product_client_minimock.go:271.9,271.65 1 1
ProductCartService/internal/pkg/cart/service/product_client_minimock.go:271.65,274.4 1 0
ProductCartService/internal/pkg/cart/service/product_client_minimock.go:276.3,277.24 2 1
ProductCartService/internal/pkg/cart/service/product_client_minimock.go:277.24,279.4 1 0
ProductCartService/internal/pkg/cart/service/product_client_minimock.go:280.3,280.46 1 1
ProductCartService/internal/pkg/cart/service/product_client_minimock.go:282.2,282.48 1 0
ProductCartService/internal/pkg/cart/service/product_client_minimock.go:282.48,284.3 1 0
ProductCartService/internal/pkg/cart/service/product_client_minimock.go:285.2,286.8 2 0
ProductCartService/internal/pkg/cart/service/product_client_minimock.go:290.80,292.2 1 0
ProductCartService/internal/pkg/cart/service/product_client_minimock.go:295.81,297.2 1 0
ProductCartService/internal/pkg/cart/service/product_client_minimock.go:301.108,310.2 5 0
ProductCartService/internal/pkg/cart/service/product_client_minimock.go:314.63,315.35 1 1
ProductCartService/internal/pkg/cart/service/product_client_minimock.go:315.35,318.3 1 0
ProductCartService/internal/pkg/cart/service/product_client_minimock.go:320.2,320.54 1 1
ProductCartService/internal/pkg/cart/service/product_client_minimock.go:320.54,321.43 1 0
ProductCartService/internal/pkg/cart/service/product_client_minimock.go:321.43,323.4 1 0
ProductCartService/internal/pkg/cart/service/product_client_minimock.go:326.2,326.47 1 1
ProductCartService/internal/pkg/cart/service/product_client_minimock.go:330.61,331.54 1 0
ProductCartService/internal/pkg/cart/service/product_client_minimock.go:331.54,332.43 1 0
ProductCartService/internal/pkg/cart/service/product_client_minimock.go:332.43,334.4 1 0
ProductCartService/internal/pkg/cart/service/product_client_minimock.go:337.2,339.86 2 0
ProductCartService/internal/pkg/cart/service/product_client_minimock.go:339.86,340.60 1 0
ProductCartService/internal/pkg/cart/service/product_client_minimock.go:340.60,342.4 1 0
ProductCartService/internal/pkg/cart/service/product_client_minimock.go:342.9,344.4 1 0
ProductCartService/internal/pkg/cart/service/product_client_minimock.go:347.2,347.67 1 0
ProductCartService/internal/pkg/cart/service/product_client_minimock.go:347.67,349.3 1 0
ProductCartService/internal/pkg/cart/service/product_client_minimock.go:351.2,351.79 1 0
ProductCartService/internal/pkg/cart/service/product_client_minimock.go:351.79,354.3 1 0
ProductCartService/internal/pkg/cart/service/product_client_minimock.go:358.46,359.25 1 1
ProductCartService/internal/pkg/cart/service/product_client_minimock.go:359.25,360.24 1 1
ProductCartService/internal/pkg/cart/service/product_client_minimock.go:360.24,362.4 1 0
ProductCartService/internal/pkg/cart/service/product_client_minimock.go:367.68,369.6 2 0
ProductCartService/internal/pkg/cart/service/product_client_minimock.go:369.6,370.23 1 0
ProductCartService/internal/pkg/cart/service/product_client_minimock.go:370.23,372.4 1 0
ProductCartService/internal/pkg/cart/service/product_client_minimock.go:373.3,373.10 1 0
ProductCartService/internal/pkg/cart/service/product_client_minimock.go:374.20,376.10 2 0
ProductCartService/internal/pkg/cart/service/product_client_minimock.go:377.50,377.50 0 0
ProductCartService/internal/pkg/cart/service/product_client_minimock.go:382.49,386.2 2 1
ProductCartService/internal/pkg/cart/service/service.go:26.86,31.2 1 1
ProductCartService/internal/pkg/cart/service/service.go:33.79,34.27 1 1
ProductCartService/internal/pkg/cart/service/service.go:34.27,36.3 1 1
ProductCartService/internal/pkg/cart/service/service.go:37.2,38.16 2 1
ProductCartService/internal/pkg/cart/service/service.go:38.16,40.3 1 1
ProductCartService/internal/pkg/cart/service/service.go:41.2,41.52 1 1
ProductCartService/internal/pkg/cart/service/service.go:44.68,45.27 1 1
ProductCartService/internal/pkg/cart/service/service.go:45.27,47.3 1 1
ProductCartService/internal/pkg/cart/service/service.go:48.2,48.48 1 1
ProductCartService/internal/pkg/cart/service/service.go:50.53,51.16 1 1
ProductCartService/internal/pkg/cart/service/service.go:51.16,53.3 1 1
ProductCartService/internal/pkg/cart/service/service.go:54.2,54.39 1 1
ProductCartService/internal/pkg/cart/service/service.go:57.66,58.16 1 1
ProductCartService/internal/pkg/cart/service/service.go:58.16,60.3 1 1
ProductCartService/internal/pkg/cart/service/service.go:62.2,63.16 2 1
ProductCartService/internal/pkg/cart/service/service.go:63.16,65.3 1 1
ProductCartService/internal/pkg/cart/service/service.go:66.2,66.40 1 1
ProductCartService/internal/pkg/cart/service/service.go:66.40,68.3 1 1
ProductCartService/internal/pkg/cart/service/service.go:70.2,70.31 1 1
ProductCartService/internal/pkg/cart/service/service.go:70.31,74.17 3 1
ProductCartService/internal/pkg/cart/service/service.go:74.17,76.4 1 1
ProductCartService/internal/pkg/cart/service/service.go:78.3,79.38 2 1
ProductCartService/internal/pkg/cart/service/service.go:83.2,85.33 2 1
ProductCartService/internal/pkg/cart/service/service.go:85.33,87.3 1 1
ProductCartService/internal/pkg/cart/service/service.go:89.2,91.18 2 1
